<?xml version="1.0" encoding="UTF-8"?>
<!-- Generated by org.testng.reporters.JUnitReportReporter -->
<testsuite skipped="0" hostname="DESKTOP-96U8LI5" name="com.ae.qa.testcases.SecurityQuestionsPageTest" tests="1" failures="0" timestamp="22 May 2020 13:19:20 GMT" time="66.444" errors="0">
  <testcase name="validateSkipThenSetQuesTest" time="66.444" classname="com.ae.qa.testcases.SecurityQuestionsPageTest"/>
</testsuite> <!-- com.ae.qa.testcases.SecurityQuestionsPageTest -->
