<?xml version="1.0" encoding="UTF-8"?>
<!-- Generated by org.testng.reporters.JUnitReportReporter -->
<testsuite skipped="0" hostname="DESKTOP-96U8LI5" name="com.ae.qa.testcases.LoginPageTest" tests="1" failures="0" timestamp="01 Apr 2020 14:43:53 GMT" time="48.285" errors="0">
  <testcase name="loginPageTitleTest" time="48.285" classname="com.ae.qa.testcases.LoginPageTest"/>
</testsuite> <!-- com.ae.qa.testcases.LoginPageTest -->
