<?xml version="1.0" encoding="UTF-8"?>
<!-- Generated by org.testng.reporters.JUnitReportReporter -->
<testsuite skipped="0" hostname="DESKTOP-96U8LI5" name="com.ae.qa.testcases.TenantUsersPageTest" tests="1" failures="0" timestamp="20 May 2020 07:03:28 GMT" time="48.399" errors="0">
  <testcase name="EditTenantUserTest" time="48.399" classname="com.ae.qa.testcases.TenantUsersPageTest"/>
</testsuite> <!-- com.ae.qa.testcases.TenantUsersPageTest -->
