<?xml version="1.0" encoding="UTF-8"?>
<!-- Generated by org.testng.reporters.JUnitReportReporter -->
<testsuite skipped="0" hostname="DESKTOP-96U8LI5" name="com.ae.qa.testcases.AuditLogsPageTest" tests="2" failures="0" timestamp="26 May 2020 10:18:51 GMT" time="81.789" errors="0">
  <testcase name="validatedeselectAllInAuditLogs" time="45.312" classname="com.ae.qa.testcases.AuditLogsPageTest"/>
  <testcase name="verifySpecificColumnTest" time="36.477" classname="com.ae.qa.testcases.AuditLogsPageTest"/>
</testsuite> <!-- com.ae.qa.testcases.AuditLogsPageTest -->
