<?xml version="1.0" encoding="UTF-8"?>
<!-- Generated by org.testng.reporters.JUnitReportReporter -->
<testsuite skipped="0" hostname="DESKTOP-96U8LI5" name="com.ae.qa.testcases.SystemUsersPageTest" tests="1" failures="0" timestamp="20 May 2020 05:55:28 GMT" time="56.078" errors="0">
  <testcase name="validateEditSystemUsers" time="56.078" classname="com.ae.qa.testcases.SystemUsersPageTest"/>
</testsuite> <!-- com.ae.qa.testcases.SystemUsersPageTest -->
