<?xml version="1.0" encoding="UTF-8"?>
<!-- Generated by org.testng.reporters.JUnitReportReporter -->
<testsuite skipped="0" hostname="DESKTOP-96U8LI5" name="com.ae.qa.testcases.LoginPageTest" tests="2" failures="0" timestamp="26 May 2020 08:51:50 GMT" time="89.740" errors="0">
  <testcase name="ValidateResetPswdTest" time="55.370" classname="com.ae.qa.testcases.LoginPageTest"/>
  <testcase name="ValidateLoginWithResetPswdTest" time="34.370" classname="com.ae.qa.testcases.LoginPageTest"/>
</testsuite> <!-- com.ae.qa.testcases.LoginPageTest -->
