<?xml version="1.0" encoding="UTF-8"?>
<!-- Generated by org.testng.reporters.JUnitReportReporter -->
<testsuite skipped="0" hostname="DESKTOP-96U8LI5" name="com.ae.qa.testcases.SystemSettingsPageTest" tests="1" failures="0" timestamp="21 May 2020 05:51:47 GMT" time="55.865" errors="0">
  <testcase name="ValidateDRServerUrlTest" time="55.865" classname="com.ae.qa.testcases.SystemSettingsPageTest"/>
</testsuite> <!-- com.ae.qa.testcases.SystemSettingsPageTest -->
