<?xml version="1.0" encoding="UTF-8"?>
<!-- Generated by org.testng.reporters.JUnitReportReporter -->
<testsuite skipped="0" hostname="DESKTOP-96U8LI5" name="com.ae.qa.testcases.InformationPageTest" tests="4" failures="0" timestamp="22 May 2020 05:31:49 GMT" time="109.373" errors="0">
  <testcase name="validateLastLoginTest" time="19.764" classname="com.ae.qa.testcases.InformationPageTest"/>
  <testcase name="validateViewProfileTest" time="34.706" classname="com.ae.qa.testcases.InformationPageTest"/>
  <testcase name="validateAboutTest" time="27.542" classname="com.ae.qa.testcases.InformationPageTest"/>
  <testcase name="validateChangePasswordTest" time="27.361" classname="com.ae.qa.testcases.InformationPageTest"/>
</testsuite> <!-- com.ae.qa.testcases.InformationPageTest -->
