<?xml version="1.0" encoding="UTF-8"?>
<!-- Generated by org.testng.reporters.JUnitReportReporter -->
<testsuite skipped="0" hostname="DESKTOP-96U8LI5" name="com.ae.qa.testcases.SystemUsersPageTest" tests="1" failures="0" timestamp="29 Apr 2020 11:39:54 GMT" time="85.857" errors="0">
  <testcase name="creatingSystemAdminTest" time="85.857" classname="com.ae.qa.testcases.SystemUsersPageTest"/>
</testsuite> <!-- com.ae.qa.testcases.SystemUsersPageTest -->
