<?xml version="1.0" encoding="UTF-8"?>
<!-- Generated by org.testng.reporters.JUnitReportReporter -->
<testsuite skipped="0" hostname="DESKTOP-96U8LI5" name="com.ae.qa.testcases.SystemSettingsPageTest" tests="1" failures="0" timestamp="29 Apr 2020 11:39:54 GMT" time="61.313" errors="0">
  <testcase name="validateSystemSettingsTest" time="61.313" classname="com.ae.qa.testcases.SystemSettingsPageTest"/>
</testsuite> <!-- com.ae.qa.testcases.SystemSettingsPageTest -->
